<?xml version="1.0" encoding="UTF-8"?>
<!-- Generated by org.testng.reporters.JUnitXMLReporter -->
<testsuite ignored="3" hostname="DESKTOP-OJ7HGSR" failures="0" tests="2" name="Default test" time="12.434" errors="0" timestamp="2023-05-05T15:43:12 EET">
  <testcase classname="TestCases" name="test2" time="4.227"/>
  <testcase classname="TestCases" name="test5" time="6.512"/>
  <testcase classname="TestCases" name="test4" time="0.0">
    <ignored/>
  </testcase> <!-- test4 -->
  <testcase classname="TestCases" name="test1" time="0.0">
    <ignored/>
  </testcase> <!-- test1 -->
  <testcase classname="TestCases" name="test3" time="0.0">
    <ignored/>
  </testcase> <!-- test3 -->
</testsuite> <!-- Default test -->
